<?xml version="1.0" encoding="UTF-8"?>
<testng-results skipped="0" failed="0" ignored="0" total="1" passed="1">
  <reporter-output>
  </reporter-output>
  <suite name="Default suite" duration-ms="6079" started-at="2021-10-24T12:18:45Z" finished-at="2021-10-24T12:18:52Z">
    <groups>
    </groups>
    <test name="Default test" duration-ms="6079" started-at="2021-10-24T12:18:45Z" finished-at="2021-10-24T12:18:52Z">
      <class name="basic.GetAllIncidents">
        <test-method status="PASS" signature="createIncident()[pri:0, instance:basic.GetAllIncidents@5abca1e0]" name="createIncident" duration-ms="6064" started-at="2021-10-24T12:18:46Z" finished-at="2021-10-24T12:18:52Z">
          <reporter-output>
          </reporter-output>
        </test-method> <!-- createIncident -->
      </class> <!-- basic.GetAllIncidents -->
    </test> <!-- Default test -->
  </suite> <!-- Default suite -->
</testng-results>
